<?xml version="1.0" encoding="UTF-8"?>
<coverage generated="1470471028">
  <project timestamp="1470471028">
    <package name="samsonframework\di\resolver">
      <file name="/Users/VITALYIEGOROV/PHP/di/vendor/samsonframework/di/src/resolver/AnnotationResolver.php">
        <class name="AnnotationResolver" namespace="samsonframework\di\resolver">
          <metrics complexity="17" methods="2" coveredmethods="1" conditionals="0" coveredconditionals="0" statements="38" coveredstatements="2" elements="40" coveredelements="3"/>
        </class>
        <line num="33" type="method" name="__construct" visibility="public" complexity="1" crap="1" count="1"/>
        <line num="35" type="stmt" count="1"/>
        <line num="36" type="stmt" count="1"/>
        <line num="42" type="method" name="resolve" visibility="public" complexity="16" crap="272" count="0"/>
        <line num="44" type="stmt" count="0"/>
        <line num="45" type="stmt" count="0"/>
        <line num="47" type="stmt" count="0"/>
        <line num="48" type="stmt" count="0"/>
        <line num="49" type="stmt" count="0"/>
        <line num="50" type="stmt" count="0"/>
        <line num="51" type="stmt" count="0"/>
        <line num="52" type="stmt" count="0"/>
        <line num="54" type="stmt" count="0"/>
        <line num="55" type="stmt" count="0"/>
        <line num="57" type="stmt" count="0"/>
        <line num="58" type="stmt" count="0"/>
        <line num="59" type="stmt" count="0"/>
        <line num="62" type="stmt" count="0"/>
        <line num="63" type="stmt" count="0"/>
        <line num="65" type="stmt" count="0"/>
        <line num="66" type="stmt" count="0"/>
        <line num="68" type="stmt" count="0"/>
        <line num="69" type="stmt" count="0"/>
        <line num="70" type="stmt" count="0"/>
        <line num="71" type="stmt" count="0"/>
        <line num="72" type="stmt" count="0"/>
        <line num="73" type="stmt" count="0"/>
        <line num="75" type="stmt" count="0"/>
        <line num="80" type="stmt" count="0"/>
        <line num="81" type="stmt" count="0"/>
        <line num="86" type="stmt" count="0"/>
        <line num="87" type="stmt" count="0"/>
        <line num="88" type="stmt" count="0"/>
        <line num="89" type="stmt" count="0"/>
        <line num="90" type="stmt" count="0"/>
        <line num="91" type="stmt" count="0"/>
        <line num="94" type="stmt" count="0"/>
        <line num="95" type="stmt" count="0"/>
        <line num="97" type="stmt" count="0"/>
        <line num="100" type="stmt" count="0"/>
        <metrics loc="101" ncloc="86" classes="1" methods="2" coveredmethods="1" conditionals="0" coveredconditionals="0" statements="38" coveredstatements="2" elements="40" coveredelements="3"/>
      </file>
      <file name="/Users/VITALYIEGOROV/PHP/di/vendor/samsonframework/di/src/resolver/Resolver.php">
        <class name="Resolver" namespace="samsonframework\di\resolver">
          <metrics complexity="2" methods="1" coveredmethods="0" conditionals="0" coveredconditionals="0" statements="1" coveredstatements="0" elements="2" coveredelements="0"/>
        </class>
        <line num="26" type="method" name="createInternalId" visibility="protected" complexity="1" crap="2" count="0"/>
        <line num="28" type="stmt" count="0"/>
        <metrics loc="29" ncloc="14" classes="1" methods="1" coveredmethods="0" conditionals="0" coveredconditionals="0" statements="1" coveredstatements="0" elements="2" coveredelements="0"/>
      </file>
    </package>
    <metrics files="2" loc="130" ncloc="100" classes="2" methods="3" coveredmethods="1" conditionals="0" coveredconditionals="0" statements="39" coveredstatements="2" elements="42" coveredelements="3"/>
  </project>
</coverage>
